<?xml version="1.0" encoding="UTF-8"?>
<testsuites name="CinemaAbyss API Tests" tests="22" time="0.307">
  <testsuite name="Monolith Service / Health Check" id="1092963a-95cb-41f3-94de-2d55a3d40f4b" timestamp="2025-12-05T07:49:50.593Z" tests="1" failures="0" errors="0" time="0.016">
    <testcase name="Status code is 200" time="0.016" classname="CinemaAbyssApiTests"/>
  </testsuite>
  <testsuite name="Monolith Service / Get All Users" id="627c5b65-865e-4239-96b4-6bb13c1a814d" timestamp="2025-12-05T07:49:50.593Z" tests="2" failures="0" errors="0" time="0.015">
    <testcase name="Status code is 200" time="0.015" classname="CinemaAbyssApiTests"/>
    <testcase name="Response is an array" time="0.015" classname="CinemaAbyssApiTests"/>
  </testsuite>
  <testsuite name="Monolith Service / Create User" id="d17f077d-6975-4f72-a9b8-a459e590005c" timestamp="2025-12-05T07:49:50.593Z" tests="2" failures="0" errors="0" time="0.010">
    <testcase name="Status code is 201" time="0.010" classname="CinemaAbyssApiTests"/>
    <testcase name="Response has id" time="0.010" classname="CinemaAbyssApiTests"/>
  </testsuite>
  <testsuite name="Monolith Service / Get User by ID" id="58136c07-d9b2-4871-b4bf-21c2e0a0a8f4" timestamp="2025-12-05T07:49:50.593Z" tests="2" failures="0" errors="0" time="0.004">
    <testcase name="Status code is 200" time="0.004" classname="CinemaAbyssApiTests"/>
    <testcase name="User ID matches" time="0.004" classname="CinemaAbyssApiTests"/>
  </testsuite>
  <testsuite name="Monolith Service / Get All Movies" id="55a756bf-b994-4f90-8fe9-519aedaa3488" timestamp="2025-12-05T07:49:50.593Z" tests="2" failures="0" errors="0" time="0.010">
    <testcase name="Status code is 200" time="0.010" classname="CinemaAbyssApiTests"/>
    <testcase name="Response is an array" time="0.010" classname="CinemaAbyssApiTests"/>
  </testsuite>
  <testsuite name="Monolith Service / Create Movie" id="9c421b17-30ad-4c48-9711-3ef554ee5fcd" timestamp="2025-12-05T07:49:50.593Z" tests="2" failures="0" errors="0" time="0.005">
    <testcase name="Status code is 201" time="0.005" classname="CinemaAbyssApiTests"/>
    <testcase name="Response has id" time="0.005" classname="CinemaAbyssApiTests"/>
  </testsuite>
  <testsuite name="Monolith Service / Get Movie by ID" id="96c81855-7f05-457a-b571-a5d760e18a8f" timestamp="2025-12-05T07:49:50.593Z" tests="2" failures="0" errors="0" time="0.006">
    <testcase name="Status code is 200" time="0.006" classname="CinemaAbyssApiTests"/>
    <testcase name="Movie ID matches" time="0.006" classname="CinemaAbyssApiTests"/>
  </testsuite>
  <testsuite name="Monolith Service / Create Payment" id="f7b8ec56-dba4-4835-8ae1-ac048fbd5b2a" timestamp="2025-12-05T07:49:50.593Z" tests="2" failures="0" errors="0" time="0.008">
    <testcase name="Status code is 201" time="0.008" classname="CinemaAbyssApiTests"/>
    <testcase name="Response has id" time="0.008" classname="CinemaAbyssApiTests"/>
  </testsuite>
  <testsuite name="Monolith Service / Get Payment by ID" id="9f34ed9f-ae9c-448f-998e-1b2eb6140023" timestamp="2025-12-05T07:49:50.593Z" tests="2" failures="0" errors="0" time="0.004">
    <testcase name="Status code is 200" time="0.004" classname="CinemaAbyssApiTests"/>
    <testcase name="Payment ID matches" time="0.004" classname="CinemaAbyssApiTests"/>
  </testsuite>
  <testsuite name="Monolith Service / Create Subscription" id="0cc673dd-32d0-4342-861a-1449ed26b814" timestamp="2025-12-05T07:49:50.593Z" tests="2" failures="0" errors="0" time="0.006">
    <testcase name="Status code is 201" time="0.006" classname="CinemaAbyssApiTests"/>
    <testcase name="Response has id" time="0.006" classname="CinemaAbyssApiTests"/>
  </testsuite>
  <testsuite name="Monolith Service / Get Subscription by ID" id="f04ebbbf-3551-4a39-a3cd-66c5e7769efb" timestamp="2025-12-05T07:49:50.593Z" tests="2" failures="0" errors="0" time="0.007">
    <testcase name="Status code is 200" time="0.007" classname="CinemaAbyssApiTests"/>
    <testcase name="Subscription ID matches" time="0.007" classname="CinemaAbyssApiTests"/>
  </testsuite>
  <testsuite name="Movies Microservice / Health Check" id="df33f4da-b593-45d1-ac66-bf9b6b2acb59" timestamp="2025-12-05T07:49:50.593Z" tests="2" failures="0" errors="0" time="0.009">
    <testcase name="Status code is 200" time="0.009" classname="CinemaAbyssApiTests"/>
    <testcase name="Status is true" time="0.009" classname="CinemaAbyssApiTests"/>
  </testsuite>
  <testsuite name="Movies Microservice / Get All Movies" id="a0cae0c9-6410-4ee2-909d-df27900bb5cc" timestamp="2025-12-05T07:49:50.593Z" tests="2" failures="0" errors="0" time="0.015">
    <testcase name="Status code is 200" time="0.015" classname="CinemaAbyssApiTests"/>
    <testcase name="Response is an array" time="0.015" classname="CinemaAbyssApiTests"/>
  </testsuite>
  <testsuite name="Movies Microservice / Create Movie" id="80ceb432-7cd1-4ad9-ba58-7b282805ce70" timestamp="2025-12-05T07:49:50.593Z" tests="2" failures="0" errors="0" time="0.008">
    <testcase name="Status code is 201" time="0.008" classname="CinemaAbyssApiTests"/>
    <testcase name="Response has id" time="0.008" classname="CinemaAbyssApiTests"/>
  </testsuite>
  <testsuite name="Movies Microservice / Get Movie by ID" id="f6e41727-6ece-4f74-8377-8ebf20e645c8" timestamp="2025-12-05T07:49:50.593Z" tests="2" failures="0" errors="0" time="0.005">
    <testcase name="Status code is 200" time="0.005" classname="CinemaAbyssApiTests"/>
    <testcase name="Movie ID matches" time="0.005" classname="CinemaAbyssApiTests"/>
  </testsuite>
  <testsuite name="Events Microservice / Health Check" id="ffbc0bce-17e5-491b-8482-e771be1e3df5" timestamp="2025-12-05T07:49:50.593Z" tests="2" failures="0" errors="0" time="0.059">
    <testcase name="Status code is 200" time="0.059" classname="CinemaAbyssApiTests"/>
    <testcase name="Status is true" time="0.059" classname="CinemaAbyssApiTests"/>
  </testsuite>
  <testsuite name="Events Microservice / Create Movie Event" id="7f343263-c7c5-4adc-82c5-72feb9aa70a9" timestamp="2025-12-05T07:49:50.593Z" tests="2" failures="0" errors="0" time="0.049">
    <testcase name="Status code is 201" time="0.049" classname="CinemaAbyssApiTests"/>
    <testcase name="Response has status success" time="0.049" classname="CinemaAbyssApiTests"/>
  </testsuite>
  <testsuite name="Events Microservice / Create User Event" id="51bf9700-67c7-4034-b243-219f5aedfc38" timestamp="2025-12-05T07:49:50.593Z" tests="2" failures="0" errors="0" time="0.013">
    <testcase name="Status code is 201" time="0.013" classname="CinemaAbyssApiTests"/>
    <testcase name="Response has status success" time="0.013" classname="CinemaAbyssApiTests"/>
  </testsuite>
  <testsuite name="Events Microservice / Create Payment Event" id="67f9a4b6-ac7c-4129-8fce-c8568de3050c" timestamp="2025-12-05T07:49:50.593Z" tests="2" failures="0" errors="0" time="0.027">
    <testcase name="Status code is 201" time="0.027" classname="CinemaAbyssApiTests"/>
    <testcase name="Response has status success" time="0.027" classname="CinemaAbyssApiTests"/>
  </testsuite>
  <testsuite name="Proxy Service / Health Check" id="cb5654df-3820-45b0-b732-b318574ded99" timestamp="2025-12-05T07:49:50.593Z" tests="1" failures="0" errors="0" time="0.010">
    <testcase name="Status code is 200" time="0.010" classname="CinemaAbyssApiTests"/>
  </testsuite>
  <testsuite name="Proxy Service / Get All Movies via Proxy" id="e04b1fb6-1a69-4168-961a-406fe63ca118" timestamp="2025-12-05T07:49:50.593Z" tests="2" failures="0" errors="0" time="0.012">
    <testcase name="Status code is 200" time="0.012" classname="CinemaAbyssApiTests"/>
    <testcase name="Response is an array" time="0.012" classname="CinemaAbyssApiTests"/>
  </testsuite>
  <testsuite name="Proxy Service / Get All Users via Proxy" id="56f5ff80-8323-49f9-999e-726a54a1b7a8" timestamp="2025-12-05T07:49:50.593Z" tests="2" failures="0" errors="0" time="0.009">
    <testcase name="Status code is 200" time="0.009" classname="CinemaAbyssApiTests"/>
    <testcase name="Response is an array" time="0.009" classname="CinemaAbyssApiTests"/>
  </testsuite>
</testsuites>